<?xml version="1.0" encoding="UTF-8"?>
<!-- Generated by org.testng.reporters.JUnitXMLReporter -->
<testsuite ignored="1" hostname="LAPTOP-6A5KCRG9" failures="0" tests="2" name="Test" time="1.868" errors="0" timestamp="2020-07-02T16:37:55 EDT">
  <testcase classname="testcase.TestCase1" name="test1Method" time="0.668"/>
  <testcase classname="testcase.TestCase2" name="test2Method" time="0.955"/>
  <testcase classname="com.selenium.base.TestBase" name="@BeforeSuite setUp" time="0.0">
    <ignored/>
  </testcase> <!-- @BeforeSuite setUp -->
</testsuite> <!-- Test -->
