<?xml version="1.0" encoding="UTF-8"?>
<testng-results ignored="1" total="3" passed="2" failed="0" skipped="0">
  <reporter-output>
  </reporter-output>
  <suite started-at="2020-07-02T16:37:53 EDT" name="Suite" finished-at="2020-07-02T16:37:55 EDT" duration-ms="1868">
    <groups>
    </groups>
    <test started-at="2020-07-02T16:37:53 EDT" name="Test" finished-at="2020-07-02T16:37:55 EDT" duration-ms="1868">
      <class name="testcase.TestCase2">
        <test-method is-config="true" signature="beforeTest()[pri:0, instance:testcase.TestCase2@18ce0030]" started-at="2020-07-02T16:37:54 EDT" name="beforeTest" finished-at="2020-07-02T16:37:54 EDT" duration-ms="1" status="PASS">
          <reporter-output>
          </reporter-output>
        </test-method> <!-- beforeTest -->
        <test-method signature="test2Method()[pri:0, instance:testcase.TestCase2@18ce0030]" started-at="2020-07-02T16:37:54 EDT" name="test2Method" finished-at="2020-07-02T16:37:55 EDT" duration-ms="955" status="PASS">
          <reporter-output>
          </reporter-output>
        </test-method> <!-- test2Method -->
        <test-method is-config="true" signature="afterMethod()[pri:0, instance:testcase.TestCase2@18ce0030]" started-at="2020-07-02T16:37:55 EDT" name="afterMethod" finished-at="2020-07-02T16:37:55 EDT" duration-ms="0" status="PASS">
          <reporter-output>
          </reporter-output>
        </test-method> <!-- afterMethod -->
      </class> <!-- testcase.TestCase2 -->
      <class name="testcase.TestCase1">
        <test-method is-config="true" signature="setUp()[pri:0, instance:testcase.TestCase1@56a6d5a6]" started-at="2020-07-02T16:37:45 EDT" name="setUp" finished-at="2020-07-02T16:37:53 EDT" duration-ms="8198" status="PASS">
          <reporter-output>
          </reporter-output>
        </test-method> <!-- setUp -->
        <test-method is-config="true" signature="beforeTest()[pri:0, instance:testcase.TestCase1@56a6d5a6]" started-at="2020-07-02T16:37:53 EDT" name="beforeTest" finished-at="2020-07-02T16:37:54 EDT" duration-ms="158" status="PASS">
          <reporter-output>
          </reporter-output>
        </test-method> <!-- beforeTest -->
        <test-method signature="test1Method()[pri:0, instance:testcase.TestCase1@56a6d5a6]" started-at="2020-07-02T16:37:54 EDT" name="test1Method" finished-at="2020-07-02T16:37:54 EDT" duration-ms="668" status="PASS">
          <reporter-output>
          </reporter-output>
        </test-method> <!-- test1Method -->
        <test-method is-config="true" signature="afterMethod()[pri:0, instance:testcase.TestCase1@56a6d5a6]" started-at="2020-07-02T16:37:54 EDT" name="afterMethod" finished-at="2020-07-02T16:37:54 EDT" duration-ms="4" status="PASS">
          <reporter-output>
          </reporter-output>
        </test-method> <!-- afterMethod -->
      </class> <!-- testcase.TestCase1 -->
    </test> <!-- Test -->
  </suite> <!-- Suite -->
</testng-results>
